Number of individuals = 357
Number of families = 4
Number of called markers = 2227 (2227 informative)
Number of called Z/X markers = 0
Number of individuals = 357
Number of families = 4
Number of markers = 2227
Number of individuals = 357
Number of families = 4
Number of individuals = 349 excluding grandparents
Number of families = 4
Number of markers = 900
Individual	A1	A1_A01	recombines	1	times
Individual	A1	A1_A02	recombines	1	times
Individual	A1	A1_A06	recombines	2	times
Individual	A1	A1_A07	recombines	1	times
Individual	A1	A1_A08	recombines	1	times
Individual	A1	A1_A09	recombines	1	times
Individual	A1	A1_A10	recombines	1	times
Individual	A1	A1_A11	recombines	2	times
Individual	A1	A1_B02	recombines	2	times
Individual	A1	A1_B03	recombines	2	times
Individual	A1	A1_B05	recombines	1	times
Individual	A1	A1_B08	recombines	2	times
Individual	A1	A1_B10	recombines	2	times
Individual	A1	A1_B11	recombines	1	times
Individual	A1	A1_C01	recombines	1	times
Individual	A1	A1_C02	recombines	1	times
Individual	A1	A1_C04	recombines	1	times
Individual	A1	A1_C10	recombines	1	times
Individual	A1	A1_C11	recombines	2	times
Individual	A1	A1_D01	recombines	1	times
Individual	A1	A1_D03	recombines	2	times
Individual	A1	A1_D04	recombines	1	times
Individual	A1	A1_D05	recombines	1	times
Individual	A1	A1_D08	recombines	3	times
Individual	A1	A1_D09	recombines	2	times
Individual	A1	A1_D11	recombines	2	times
Individual	A1	A1_E01	recombines	3	times
Individual	A1	A1_E03	recombines	2	times
Individual	A1	A1_E04	recombines	2	times
Individual	A1	A1_E05	recombines	4	times
Individual	A1	A1_E06	recombines	2	times
Individual	A1	A1_E07	recombines	1	times
Individual	A1	A1_E08	recombines	2	times
Individual	A1	A1_E11	recombines	1	times
Individual	A1	A1_F03	recombines	2	times
Individual	A1	A1_F07	recombines	3	times
Individual	A1	A1_F08	recombines	1	times
Individual	A1	A1_F11	recombines	1	times
Individual	A1	A1_G02	recombines	1	times
Individual	A1	A1_G04	recombines	1	times
Individual	A1	A1_G10	recombines	1	times
Individual	A1	A1_H03	recombines	3	times
Individual	A1	A1_H07	recombines	2	times
Individual	A1	A1_H10	recombines	1	times
Individual	A1	A1_H11	recombines	1	times
Individual	A2	A2_A02	recombines	2	times
Individual	A2	A2_A03	recombines	2	times
Individual	A2	A2_A04	recombines	2	times
Individual	A2	A2_A07	recombines	2	times
Individual	A2	A2_A08	recombines	4	times
Individual	A2	A2_A09	recombines	2	times
Individual	A2	A2_A10	recombines	2	times
Individual	A2	A2_B02	recombines	1	times
Individual	A2	A2_B03	recombines	1	times
Individual	A2	A2_B04	recombines	1	times
Individual	A2	A2_B05	recombines	1	times
Individual	A2	A2_B06	recombines	2	times
Individual	A2	A2_B07	recombines	2	times
Individual	A2	A2_B09	recombines	2	times
Individual	A2	A2_B10	recombines	2	times
Individual	A2	A2_C02	recombines	3	times
Individual	A2	A2_C03	recombines	1	times
Individual	A2	A2_C04	recombines	3	times
Individual	A2	A2_C05	recombines	2	times
Individual	A2	A2_C06	recombines	1	times
Individual	A2	A2_C07	recombines	2	times
Individual	A2	A2_C08	recombines	1	times
Individual	A2	A2_C09	recombines	1	times
Individual	A2	A2_C10	recombines	1	times
Individual	A2	A2_D02	recombines	1	times
Individual	A2	A2_D04	recombines	1	times
Individual	A2	A2_D06	recombines	1	times
Individual	A2	A2_D07	recombines	1	times
Individual	A2	A2_D08	recombines	3	times
Individual	A2	A2_D09	recombines	2	times
Individual	A2	A2_D10	recombines	2	times
Individual	A2	A2_E02	recombines	3	times
Individual	A2	A2_E03	recombines	2	times
Individual	A2	A2_E05	recombines	1	times
Individual	A2	A2_E07	recombines	2	times
Individual	A2	A2_E08	recombines	1	times
Individual	A2	A2_E09	recombines	2	times
Individual	A2	A2_E10	recombines	1	times
Individual	A2	A2_F02	recombines	1	times
Individual	A2	A2_F03	recombines	2	times
Individual	A2	A2_F04	recombines	1	times
Individual	A2	A2_F05	recombines	1	times
Individual	A2	A2_F08	recombines	2	times
Individual	A2	A2_F09	recombines	2	times
Individual	A2	A2_G03	recombines	2	times
Individual	A2	A2_G04	recombines	1	times
Individual	A2	A2_G05	recombines	1	times
Individual	A2	A2_G06	recombines	1	times
Individual	A2	A2_G07	recombines	1	times
Individual	A2	A2_G10	recombines	2	times
Individual	A2	A2_H02	recombines	2	times
Individual	A2	A2_H03	recombines	1	times
Individual	A2	A2_H04	recombines	1	times
Individual	A2	A2_H05	recombines	1	times
Individual	A2	A2_H08	recombines	1	times
Individual	A2	A2_H09	recombines	3	times
Individual	B1	B1_A02	recombines	1	times
Individual	B1	B1_A06	recombines	1	times
Individual	B1	B1_A07	recombines	1	times
Individual	B1	B1_A08	recombines	2	times
Individual	B1	B1_A10	recombines	1	times
Individual	B1	B1_B02	recombines	2	times
Individual	B1	B1_B05	recombines	2	times
Individual	B1	B1_B09	recombines	1	times
Individual	B1	B1_B10	recombines	2	times
Individual	B1	B1_B11	recombines	1	times
Individual	B1	B1_C01	recombines	1	times
Individual	B1	B1_C03	recombines	2	times
Individual	B1	B1_C04	recombines	2	times
Individual	B1	B1_C05	recombines	2	times
Individual	B1	B1_C06	recombines	2	times
Individual	B1	B1_C07	recombines	2	times
Individual	B1	B1_C09	recombines	2	times
Individual	B1	B1_C10	recombines	2	times
Individual	B1	B1_C11	recombines	1	times
Individual	B1	B1_C12	recombines	2	times
Individual	B1	B1_D01	recombines	1	times
Individual	B1	B1_D03	recombines	1	times
Individual	B1	B1_D04	recombines	1	times
Individual	B1	B1_D06	recombines	1	times
Individual	B1	B1_D07	recombines	2	times
Individual	B1	B1_D09	recombines	1	times
Individual	B1	B1_D11	recombines	1	times
Individual	B1	B1_E01	recombines	1	times
Individual	B1	B1_E05	recombines	2	times
Individual	B1	B1_E06	recombines	1	times
Individual	B1	B1_E07	recombines	2	times
Individual	B1	B1_E08	recombines	2	times
Individual	B1	B1_E09	recombines	1	times
Individual	B1	B1_E10	recombines	1	times
Individual	B1	B1_E11	recombines	1	times
Individual	B1	B1_E12	recombines	2	times
Individual	B1	B1_F01	recombines	2	times
Individual	B1	B1_F03	recombines	1	times
Individual	B1	B1_F05	recombines	1	times
Individual	B1	B1_F06	recombines	1	times
Individual	B1	B1_F07	recombines	2	times
Individual	B1	B1_F08	recombines	1	times
Individual	B1	B1_F09	recombines	2	times
Individual	B1	B1_F10	recombines	1	times
Individual	B1	B1_F11	recombines	2	times
Individual	B1	B1_F12	recombines	1	times
Individual	B1	B1_G01	recombines	1	times
Individual	B1	B1_G02	recombines	1	times
Individual	B1	B1_G08	recombines	2	times
Individual	B1	B1_G09	recombines	2	times
Individual	B1	B1_G10	recombines	1	times
Individual	B1	B1_G11	recombines	1	times
Individual	B1	B1_G12	recombines	1	times
Individual	B1	B1_H02	recombines	1	times
Individual	B1	B1_H04	recombines	1	times
Individual	B1	B1_H05	recombines	1	times
Individual	B1	B1_H08	recombines	1	times
Individual	B1	B1_H09	recombines	2	times
Individual	B1	B1_H10	recombines	2	times
Individual	B1	B1_H11	recombines	1	times
Individual	B1	B1_H12	recombines	1	times
Individual	B2	B2_A02	recombines	2	times
Individual	B2	B2_A03	recombines	2	times
Individual	B2	B2_A04	recombines	1	times
Individual	B2	B2_A05	recombines	2	times
Individual	B2	B2_A06	recombines	1	times
Individual	B2	B2_A07	recombines	2	times
Individual	B2	B2_A09	recombines	1	times
Individual	B2	B2_A10	recombines	1	times
Individual	B2	B2_A12	recombines	1	times
Individual	B2	B2_B01	recombines	2	times
Individual	B2	B2_B03	recombines	2	times
Individual	B2	B2_B05	recombines	2	times
Individual	B2	B2_B06	recombines	1	times
Individual	B2	B2_B10	recombines	2	times
Individual	B2	B2_B12	recombines	1	times
Individual	B2	B2_C01	recombines	1	times
Individual	B2	B2_C02	recombines	1	times
Individual	B2	B2_C04	recombines	1	times
Individual	B2	B2_C05	recombines	2	times
Individual	B2	B2_C06	recombines	1	times
Individual	B2	B2_C07	recombines	2	times
Individual	B2	B2_C09	recombines	2	times
Individual	B2	B2_C10	recombines	2	times
Individual	B2	B2_C12	recombines	1	times
Individual	B2	B2_D01	recombines	1	times
Individual	B2	B2_D02	recombines	1	times
Individual	B2	B2_D04	recombines	1	times
Individual	B2	B2_D05	recombines	1	times
Individual	B2	B2_D07	recombines	1	times
Individual	B2	B2_D08	recombines	1	times
Individual	B2	B2_D09	recombines	2	times
Individual	B2	B2_D10	recombines	1	times
Individual	B2	B2_D11	recombines	2	times
Individual	B2	B2_D12	recombines	2	times
Individual	B2	B2_E02	recombines	1	times
Individual	B2	B2_E03	recombines	2	times
Individual	B2	B2_E04	recombines	2	times
Individual	B2	B2_E05	recombines	2	times
Individual	B2	B2_E07	recombines	2	times
Individual	B2	B2_E08	recombines	1	times
Individual	B2	B2_E11	recombines	1	times
Individual	B2	B2_E12	recombines	2	times
Individual	B2	B2_F01	recombines	2	times
Individual	B2	B2_F02	recombines	1	times
Individual	B2	B2_F05	recombines	2	times
Individual	B2	B2_F08	recombines	1	times
Individual	B2	B2_F10	recombines	1	times
Individual	B2	B2_F11	recombines	2	times
Individual	B2	B2_F12	recombines	1	times
Individual	B2	B2_G01	recombines	2	times
Individual	B2	B2_G03	recombines	1	times
Individual	B2	B2_G04	recombines	1	times
Individual	B2	B2_G05	recombines	1	times
Individual	B2	B2_G06	recombines	1	times
Individual	B2	B2_G12	recombines	1	times
Individual	B2	B2_H04	recombines	1	times
Individual	B2	B2_H05	recombines	2	times
Individual	B2	B2_H06	recombines	1	times
Individual	B2	B2_H07	recombines	2	times
Individual	B2	B2_H10	recombines	2	times
Number of individuals = 357
Number of families = 4
Number of called markers = 2027 (2027 informative)
Number of called Z/X markers = 0
Number of individuals = 357
Number of families = 4
Number of markers = 2027
Number of individuals = 357
Number of families = 4
Number of individuals = 349 excluding grandparents
Number of families = 4
Number of markers = 1091
Individual	A1	A1_A01	recombines	1	times
Individual	A1	A1_A02	recombines	2	times
Individual	A1	A1_A06	recombines	1	times
Individual	A1	A1_A08	recombines	1	times
Individual	A1	A1_A10	recombines	2	times
Individual	A1	A1_A11	recombines	2	times
Individual	A1	A1_B02	recombines	1	times
Individual	A1	A1_B03	recombines	2	times
Individual	A1	A1_B04	recombines	2	times
Individual	A1	A1_B05	recombines	2	times
Individual	A1	A1_B08	recombines	1	times
Individual	A1	A1_B11	recombines	2	times
Individual	A1	A1_C01	recombines	2	times
Individual	A1	A1_C02	recombines	2	times
Individual	A1	A1_C03	recombines	2	times
Individual	A1	A1_C04	recombines	2	times
Individual	A1	A1_C05	recombines	1	times
Individual	A1	A1_C10	recombines	2	times
Individual	A1	A1_C11	recombines	1	times
Individual	A1	A1_D01	recombines	1	times
Individual	A1	A1_D02	recombines	3	times
Individual	A1	A1_D03	recombines	2	times
Individual	A1	A1_D04	recombines	3	times
Individual	A1	A1_D05	recombines	2	times
Individual	A1	A1_D07	recombines	1	times
Individual	A1	A1_D08	recombines	1	times
Individual	A1	A1_D09	recombines	3	times
Individual	A1	A1_D11	recombines	1	times
Individual	A1	A1_E02	recombines	1	times
Individual	A1	A1_E05	recombines	2	times
Individual	A1	A1_E06	recombines	1	times
Individual	A1	A1_E07	recombines	1	times
Individual	A1	A1_E08	recombines	1	times
Individual	A1	A1_E10	recombines	1	times
Individual	A1	A1_E11	recombines	1	times
Individual	A1	A1_F02	recombines	2	times
Individual	A1	A1_F03	recombines	1	times
Individual	A1	A1_F04	recombines	3	times
Individual	A1	A1_F05	recombines	2	times
Individual	A1	A1_F10	recombines	2	times
Individual	A1	A1_F11	recombines	1	times
Individual	A1	A1_G01	recombines	1	times
Individual	A1	A1_G04	recombines	1	times
Individual	A1	A1_G07	recombines	2	times
Individual	A1	A1_G10	recombines	1	times
Individual	A1	A1_H03	recombines	1	times
Individual	A1	A1_H04	recombines	2	times
Individual	A1	A1_H06	recombines	2	times
Individual	A1	A1_H08	recombines	4	times
Individual	A1	A1_H10	recombines	1	times
Individual	A2	A2_A02	recombines	1	times
Individual	A2	A2_A03	recombines	1	times
Individual	A2	A2_A05	recombines	2	times
Individual	A2	A2_A07	recombines	1	times
Individual	A2	A2_A08	recombines	2	times
Individual	A2	A2_A10	recombines	2	times
Individual	A2	A2_B02	recombines	2	times
Individual	A2	A2_B03	recombines	2	times
Individual	A2	A2_B04	recombines	1	times
Individual	A2	A2_B05	recombines	1	times
Individual	A2	A2_B06	recombines	2	times
Individual	A2	A2_B09	recombines	1	times
Individual	A2	A2_B10	recombines	1	times
Individual	A2	A2_C02	recombines	1	times
Individual	A2	A2_C05	recombines	1	times
Individual	A2	A2_C06	recombines	2	times
Individual	A2	A2_C07	recombines	1	times
Individual	A2	A2_D03	recombines	1	times
Individual	A2	A2_D04	recombines	1	times
Individual	A2	A2_D07	recombines	1	times
Individual	A2	A2_D08	recombines	1	times
Individual	A2	A2_D09	recombines	1	times
Individual	A2	A2_D10	recombines	1	times
Individual	A2	A2_E02	recombines	1	times
Individual	A2	A2_E03	recombines	1	times
Individual	A2	A2_E05	recombines	1	times
Individual	A2	A2_E06	recombines	1	times
Individual	A2	A2_E07	recombines	2	times
Individual	A2	A2_E08	recombines	2	times
Individual	A2	A2_E09	recombines	1	times
Individual	A2	A2_E10	recombines	2	times
Individual	A2	A2_F02	recombines	1	times
Individual	A2	A2_F04	recombines	1	times
Individual	A2	A2_F05	recombines	1	times
Individual	A2	A2_F08	recombines	1	times
Individual	A2	A2_G02	recombines	2	times
Individual	A2	A2_G03	recombines	1	times
Individual	A2	A2_G04	recombines	1	times
Individual	A2	A2_G05	recombines	1	times
Individual	A2	A2_G07	recombines	4	times
Individual	A2	A2_G09	recombines	2	times
Individual	A2	A2_H02	recombines	1	times
Individual	A2	A2_H03	recombines	2	times
Individual	A2	A2_H04	recombines	3	times
Individual	A2	A2_H05	recombines	1	times
Individual	A2	A2_H09	recombines	2	times
Individual	A2	A2_H10	recombines	1	times
Individual	B1	B1_A02	recombines	2	times
Individual	B1	B1_A06	recombines	1	times
Individual	B1	B1_A07	recombines	1	times
Individual	B1	B1_A08	recombines	2	times
Individual	B1	B1_A10	recombines	1	times
Individual	B1	B1_B01	recombines	1	times
Individual	B1	B1_B02	recombines	2	times
Individual	B1	B1_B05	recombines	1	times
Individual	B1	B1_B07	recombines	1	times
Individual	B1	B1_B10	recombines	1	times
Individual	B1	B1_B11	recombines	2	times
Individual	B1	B1_C01	recombines	1	times
Individual	B1	B1_C02	recombines	2	times
Individual	B1	B1_C03	recombines	1	times
Individual	B1	B1_C04	recombines	1	times
Individual	B1	B1_C05	recombines	4	times
Individual	B1	B1_C07	recombines	2	times
Individual	B1	B1_C08	recombines	2	times
Individual	B1	B1_C09	recombines	2	times
Individual	B1	B1_C10	recombines	2	times
Individual	B1	B1_C11	recombines	1	times
Individual	B1	B1_D02	recombines	1	times
Individual	B1	B1_D03	recombines	1	times
Individual	B1	B1_D04	recombines	2	times
Individual	B1	B1_D06	recombines	1	times
Individual	B1	B1_D07	recombines	2	times
Individual	B1	B1_D09	recombines	2	times
Individual	B1	B1_D10	recombines	1	times
Individual	B1	B1_D11	recombines	2	times
Individual	B1	B1_E01	recombines	1	times
Individual	B1	B1_E02	recombines	2	times
Individual	B1	B1_E03	recombines	2	times
Individual	B1	B1_E07	recombines	2	times
Individual	B1	B1_E10	recombines	1	times
Individual	B1	B1_E11	recombines	1	times
Individual	B1	B1_E12	recombines	1	times
Individual	B1	B1_F01	recombines	2	times
Individual	B1	B1_F03	recombines	2	times
Individual	B1	B1_F05	recombines	1	times
Individual	B1	B1_F07	recombines	1	times
Individual	B1	B1_F08	recombines	3	times
Individual	B1	B1_F09	recombines	1	times
Individual	B1	B1_F11	recombines	1	times
Individual	B1	B1_F12	recombines	1	times
Individual	B1	B1_G01	recombines	1	times
Individual	B1	B1_G02	recombines	1	times
Individual	B1	B1_G07	recombines	1	times
Individual	B1	B1_G08	recombines	3	times
Individual	B1	B1_G09	recombines	2	times
Individual	B1	B1_G10	recombines	2	times
Individual	B1	B1_G12	recombines	2	times
Individual	B1	B1_H07	recombines	1	times
Individual	B1	B1_H09	recombines	2	times
Individual	B1	B1_H10	recombines	2	times
Individual	B1	B1_H11	recombines	2	times
Individual	B1	B1_H12	recombines	1	times
Individual	B2	B2_A01	recombines	2	times
Individual	B2	B2_A02	recombines	1	times
Individual	B2	B2_A03	recombines	2	times
Individual	B2	B2_A04	recombines	1	times
Individual	B2	B2_A05	recombines	2	times
Individual	B2	B2_A07	recombines	2	times
Individual	B2	B2_A08	recombines	2	times
Individual	B2	B2_A09	recombines	3	times
Individual	B2	B2_A10	recombines	1	times
Individual	B2	B2_A12	recombines	1	times
Individual	B2	B2_B03	recombines	1	times
Individual	B2	B2_B05	recombines	2	times
Individual	B2	B2_B06	recombines	2	times
Individual	B2	B2_B08	recombines	2	times
Individual	B2	B2_B09	recombines	2	times
Individual	B2	B2_C01	recombines	1	times
Individual	B2	B2_C02	recombines	1	times
Individual	B2	B2_C04	recombines	1	times
Individual	B2	B2_C07	recombines	1	times
Individual	B2	B2_C09	recombines	1	times
Individual	B2	B2_C12	recombines	1	times
Individual	B2	B2_D01	recombines	1	times
Individual	B2	B2_D02	recombines	1	times
Individual	B2	B2_D04	recombines	1	times
Individual	B2	B2_D05	recombines	2	times
Individual	B2	B2_D07	recombines	2	times
Individual	B2	B2_D08	recombines	1	times
Individual	B2	B2_D09	recombines	1	times
Individual	B2	B2_D10	recombines	1	times
Individual	B2	B2_D12	recombines	2	times
Individual	B2	B2_E02	recombines	1	times
Individual	B2	B2_E04	recombines	2	times
Individual	B2	B2_E06	recombines	1	times
Individual	B2	B2_E07	recombines	1	times
Individual	B2	B2_E08	recombines	2	times
Individual	B2	B2_E09	recombines	1	times
Individual	B2	B2_E11	recombines	2	times
Individual	B2	B2_E12	recombines	3	times
Individual	B2	B2_F01	recombines	1	times
Individual	B2	B2_F02	recombines	2	times
Individual	B2	B2_F04	recombines	1	times
Individual	B2	B2_F05	recombines	1	times
Individual	B2	B2_F08	recombines	2	times
Individual	B2	B2_F10	recombines	1	times
Individual	B2	B2_F12	recombines	2	times
Individual	B2	B2_G01	recombines	1	times
Individual	B2	B2_G02	recombines	2	times
Individual	B2	B2_G04	recombines	2	times
Individual	B2	B2_G05	recombines	1	times
Individual	B2	B2_G06	recombines	1	times
Individual	B2	B2_G08	recombines	1	times
Individual	B2	B2_G09	recombines	1	times
Individual	B2	B2_G10	recombines	2	times
Individual	B2	B2_G12	recombines	1	times
Individual	B2	B2_H01	recombines	1	times
Individual	B2	B2_H02	recombines	1	times
Individual	B2	B2_H03	recombines	3	times
Individual	B2	B2_H04	recombines	2	times
Individual	B2	B2_H05	recombines	2	times
Individual	B2	B2_H06	recombines	1	times
Individual	B2	B2_H09	recombines	2	times
Individual	B2	B2_H10	recombines	1	times
Individual	B2	B2_H11	recombines	1	times
Number of individuals = 357
Number of families = 4
Number of called markers = 1998 (1998 informative)
Number of called Z/X markers = 0
Number of individuals = 357
Number of families = 4
Number of markers = 1998
Number of individuals = 357
Number of families = 4
Number of individuals = 349 excluding grandparents
Number of families = 4
Number of markers = 1381
Individual	A1	A1_A02	recombines	2	times
Individual	A1	A1_A06	recombines	1	times
Individual	A1	A1_A08	recombines	2	times
Individual	A1	A1_A09	recombines	2	times
Individual	A1	A1_A10	recombines	2	times
Individual	A1	A1_A11	recombines	1	times
Individual	A1	A1_B02	recombines	1	times
Individual	A1	A1_B03	recombines	2	times
Individual	A1	A1_B04	recombines	1	times
Individual	A1	A1_B05	recombines	1	times
Individual	A1	A1_B08	recombines	3	times
Individual	A1	A1_B11	recombines	1	times
Individual	A1	A1_C01	recombines	1	times
Individual	A1	A1_C02	recombines	1	times
Individual	A1	A1_C03	recombines	2	times
Individual	A1	A1_C04	recombines	2	times
Individual	A1	A1_C10	recombines	2	times
Individual	A1	A1_C11	recombines	2	times
Individual	A1	A1_D01	recombines	2	times
Individual	A1	A1_D02	recombines	3	times
Individual	A1	A1_D03	recombines	1	times
Individual	A1	A1_D07	recombines	1	times
Individual	A1	A1_D08	recombines	1	times
Individual	A1	A1_D09	recombines	2	times
Individual	A1	A1_D11	recombines	1	times
Individual	A1	A1_E01	recombines	1	times
Individual	A1	A1_E02	recombines	1	times
Individual	A1	A1_E04	recombines	1	times
Individual	A1	A1_E05	recombines	2	times
Individual	A1	A1_E07	recombines	2	times
Individual	A1	A1_E10	recombines	1	times
Individual	A1	A1_E11	recombines	2	times
Individual	A1	A1_F03	recombines	1	times
Individual	A1	A1_F04	recombines	3	times
Individual	A1	A1_F05	recombines	2	times
Individual	A1	A1_F06	recombines	2	times
Individual	A1	A1_F07	recombines	1	times
Individual	A1	A1_F10	recombines	2	times
Individual	A1	A1_G02	recombines	2	times
Individual	A1	A1_G08	recombines	1	times
Individual	A1	A1_H03	recombines	1	times
Individual	A1	A1_H04	recombines	1	times
Individual	A1	A1_H06	recombines	1	times
Individual	A1	A1_H08	recombines	1	times
Individual	A1	A1_H10	recombines	2	times
Individual	A1	A1_H11	recombines	1	times
Individual	A2	A2_A02	recombines	1	times
Individual	A2	A2_A03	recombines	1	times
Individual	A2	A2_A04	recombines	1	times
Individual	A2	A2_A07	recombines	1	times
Individual	A2	A2_A08	recombines	1	times
Individual	A2	A2_A10	recombines	1	times
Individual	A2	A2_B02	recombines	1	times
Individual	A2	A2_B03	recombines	1	times
Individual	A2	A2_B04	recombines	1	times
Individual	A2	A2_B05	recombines	1	times
Individual	A2	A2_B06	recombines	2	times
Individual	A2	A2_B07	recombines	1	times
Individual	A2	A2_B09	recombines	3	times
Individual	A2	A2_B10	recombines	1	times
Individual	A2	A2_C02	recombines	1	times
Individual	A2	A2_C03	recombines	2	times
Individual	A2	A2_C04	recombines	1	times
Individual	A2	A2_C05	recombines	1	times
Individual	A2	A2_C06	recombines	2	times
Individual	A2	A2_C07	recombines	2	times
Individual	A2	A2_C08	recombines	1	times
Individual	A2	A2_C09	recombines	3	times
Individual	A2	A2_C10	recombines	2	times
Individual	A2	A2_D02	recombines	1	times
Individual	A2	A2_D03	recombines	1	times
Individual	A2	A2_D04	recombines	1	times
Individual	A2	A2_D05	recombines	2	times
Individual	A2	A2_D07	recombines	1	times
Individual	A2	A2_D08	recombines	2	times
Individual	A2	A2_D09	recombines	2	times
Individual	A2	A2_D10	recombines	2	times
Individual	A2	A2_E02	recombines	2	times
Individual	A2	A2_E03	recombines	2	times
Individual	A2	A2_E05	recombines	2	times
Individual	A2	A2_E06	recombines	1	times
Individual	A2	A2_E07	recombines	1	times
Individual	A2	A2_E09	recombines	1	times
Individual	A2	A2_E10	recombines	2	times
Individual	A2	A2_F02	recombines	1	times
Individual	A2	A2_F03	recombines	1	times
Individual	A2	A2_F04	recombines	2	times
Individual	A2	A2_F05	recombines	2	times
Individual	A2	A2_F09	recombines	1	times
Individual	A2	A2_G02	recombines	2	times
Individual	A2	A2_G04	recombines	2	times
Individual	A2	A2_G05	recombines	1	times
Individual	A2	A2_G07	recombines	2	times
Individual	A2	A2_G10	recombines	2	times
Individual	A2	A2_H02	recombines	1	times
Individual	A2	A2_H03	recombines	2	times
Individual	A2	A2_H04	recombines	1	times
Individual	A2	A2_H05	recombines	1	times
Individual	A2	A2_H08	recombines	1	times
Individual	A2	A2_H09	recombines	3	times
Individual	B1	B1_A02	recombines	2	times
Individual	B1	B1_A06	recombines	1	times
Individual	B1	B1_A07	recombines	1	times
Individual	B1	B1_A08	recombines	1	times
Individual	B1	B1_A09	recombines	1	times
Individual	B1	B1_A10	recombines	3	times
Individual	B1	B1_B01	recombines	1	times
Individual	B1	B1_B02	recombines	2	times
Individual	B1	B1_B03	recombines	2	times
Individual	B1	B1_B05	recombines	2	times
Individual	B1	B1_B09	recombines	2	times
Individual	B1	B1_B10	recombines	2	times
Individual	B1	B1_B11	recombines	1	times
Individual	B1	B1_C01	recombines	2	times
Individual	B1	B1_C02	recombines	2	times
Individual	B1	B1_C03	recombines	1	times
Individual	B1	B1_C05	recombines	2	times
Individual	B1	B1_C06	recombines	3	times
Individual	B1	B1_C07	recombines	1	times
Individual	B1	B1_C08	recombines	1	times
Individual	B1	B1_C09	recombines	3	times
Individual	B1	B1_C10	recombines	2	times
Individual	B1	B1_C11	recombines	1	times
Individual	B1	B1_D02	recombines	1	times
Individual	B1	B1_D03	recombines	1	times
Individual	B1	B1_D04	recombines	2	times
Individual	B1	B1_D07	recombines	1	times
Individual	B1	B1_D08	recombines	2	times
Individual	B1	B1_D09	recombines	1	times
Individual	B1	B1_D10	recombines	2	times
Individual	B1	B1_E01	recombines	2	times
Individual	B1	B1_E02	recombines	1	times
Individual	B1	B1_E03	recombines	2	times
Individual	B1	B1_E05	recombines	1	times
Individual	B1	B1_E07	recombines	2	times
Individual	B1	B1_E08	recombines	1	times
Individual	B1	B1_E09	recombines	2	times
Individual	B1	B1_E10	recombines	2	times
Individual	B1	B1_E11	recombines	2	times
Individual	B1	B1_F01	recombines	1	times
Individual	B1	B1_F05	recombines	1	times
Individual	B1	B1_F07	recombines	2	times
Individual	B1	B1_F08	recombines	1	times
Individual	B1	B1_F11	recombines	2	times
Individual	B1	B1_F12	recombines	1	times
Individual	B1	B1_G01	recombines	1	times
Individual	B1	B1_G02	recombines	1	times
Individual	B1	B1_G08	recombines	2	times
Individual	B1	B1_G09	recombines	2	times
Individual	B1	B1_G10	recombines	2	times
Individual	B1	B1_G11	recombines	1	times
Individual	B1	B1_G12	recombines	3	times
Individual	B1	B1_H04	recombines	1	times
Individual	B1	B1_H07	recombines	2	times
Individual	B1	B1_H08	recombines	2	times
Individual	B1	B1_H10	recombines	3	times
Individual	B1	B1_H11	recombines	1	times
Individual	B2	B2_A01	recombines	2	times
Individual	B2	B2_A04	recombines	2	times
Individual	B2	B2_A05	recombines	1	times
Individual	B2	B2_A07	recombines	2	times
Individual	B2	B2_A08	recombines	2	times
Individual	B2	B2_A09	recombines	2	times
Individual	B2	B2_A10	recombines	2	times
Individual	B2	B2_B03	recombines	1	times
Individual	B2	B2_B05	recombines	2	times
Individual	B2	B2_B06	recombines	1	times
Individual	B2	B2_B08	recombines	1	times
Individual	B2	B2_B09	recombines	1	times
Individual	B2	B2_B10	recombines	2	times
Individual	B2	B2_B12	recombines	2	times
Individual	B2	B2_C01	recombines	1	times
Individual	B2	B2_C04	recombines	2	times
Individual	B2	B2_C05	recombines	1	times
Individual	B2	B2_C06	recombines	1	times
Individual	B2	B2_C07	recombines	1	times
Individual	B2	B2_C09	recombines	2	times
Individual	B2	B2_C12	recombines	1	times
Individual	B2	B2_D01	recombines	1	times
Individual	B2	B2_D02	recombines	1	times
Individual	B2	B2_D04	recombines	2	times
Individual	B2	B2_D05	recombines	1	times
Individual	B2	B2_D06	recombines	2	times
Individual	B2	B2_D07	recombines	2	times
Individual	B2	B2_D08	recombines	1	times
Individual	B2	B2_D09	recombines	1	times
Individual	B2	B2_D10	recombines	1	times
Individual	B2	B2_D11	recombines	2	times
Individual	B2	B2_E01	recombines	2	times
Individual	B2	B2_E02	recombines	1	times
Individual	B2	B2_E03	recombines	2	times
Individual	B2	B2_E04	recombines	2	times
Individual	B2	B2_E05	recombines	2	times
Individual	B2	B2_E06	recombines	2	times
Individual	B2	B2_E07	recombines	2	times
Individual	B2	B2_E08	recombines	2	times
Individual	B2	B2_E09	recombines	1	times
Individual	B2	B2_E10	recombines	2	times
Individual	B2	B2_E11	recombines	1	times
Individual	B2	B2_E12	recombines	2	times
Individual	B2	B2_F01	recombines	2	times
Individual	B2	B2_F02	recombines	1	times
Individual	B2	B2_F04	recombines	1	times
Individual	B2	B2_F05	recombines	1	times
Individual	B2	B2_F06	recombines	1	times
Individual	B2	B2_F07	recombines	2	times
Individual	B2	B2_F08	recombines	2	times
Individual	B2	B2_F10	recombines	1	times
Individual	B2	B2_F11	recombines	1	times
Individual	B2	B2_F12	recombines	1	times
Individual	B2	B2_G01	recombines	1	times
Individual	B2	B2_G02	recombines	2	times
Individual	B2	B2_G03	recombines	1	times
Individual	B2	B2_G05	recombines	1	times
Individual	B2	B2_G06	recombines	1	times
Individual	B2	B2_G08	recombines	1	times
Individual	B2	B2_G12	recombines	1	times
Individual	B2	B2_H01	recombines	2	times
Individual	B2	B2_H03	recombines	1	times
Individual	B2	B2_H04	recombines	1	times
Individual	B2	B2_H05	recombines	2	times
Individual	B2	B2_H06	recombines	1	times
Individual	B2	B2_H07	recombines	2	times
Individual	B2	B2_H08	recombines	2	times
Individual	B2	B2_H09	recombines	3	times
Individual	B2	B2_H11	recombines	1	times
Number of individuals = 357
Number of families = 4
Number of called markers = 2413 (2413 informative)
Number of called Z/X markers = 0
Number of individuals = 357
Number of families = 4
Number of markers = 2413
Number of individuals = 357
Number of families = 4
Number of individuals = 349 excluding grandparents
Number of families = 4
Number of markers = 1413
Individual	A1	A1_A01	recombines	1	times
Individual	A1	A1_A02	recombines	2	times
Individual	A1	A1_A08	recombines	2	times
Individual	A1	A1_A09	recombines	1	times
Individual	A1	A1_A10	recombines	2	times
Individual	A1	A1_A11	recombines	1	times
Individual	A1	A1_B02	recombines	2	times
Individual	A1	A1_B03	recombines	1	times
Individual	A1	A1_B04	recombines	1	times
Individual	A1	A1_C01	recombines	1	times
Individual	A1	A1_C04	recombines	1	times
Individual	A1	A1_C10	recombines	2	times
Individual	A1	A1_C11	recombines	2	times
Individual	A1	A1_D02	recombines	2	times
Individual	A1	A1_D03	recombines	1	times
Individual	A1	A1_D04	recombines	1	times
Individual	A1	A1_D05	recombines	1	times
Individual	A1	A1_D07	recombines	1	times
Individual	A1	A1_D08	recombines	2	times
Individual	A1	A1_D09	recombines	1	times
Individual	A1	A1_E01	recombines	1	times
Individual	A1	A1_E02	recombines	2	times
Individual	A1	A1_E04	recombines	2	times
Individual	A1	A1_E05	recombines	3	times
Individual	A1	A1_E06	recombines	2	times
Individual	A1	A1_E07	recombines	2	times
Individual	A1	A1_E08	recombines	2	times
Individual	A1	A1_E09	recombines	1	times
Individual	A1	A1_E10	recombines	1	times
Individual	A1	A1_F02	recombines	1	times
Individual	A1	A1_F03	recombines	2	times
Individual	A1	A1_F04	recombines	2	times
Individual	A1	A1_F05	recombines	1	times
Individual	A1	A1_F07	recombines	1	times
Individual	A1	A1_F10	recombines	1	times
Individual	A1	A1_G01	recombines	1	times
Individual	A1	A1_G02	recombines	1	times
Individual	A1	A1_G10	recombines	1	times
Individual	A1	A1_H02	recombines	1	times
Individual	A1	A1_H03	recombines	1	times
Individual	A1	A1_H04	recombines	2	times
Individual	A1	A1_H06	recombines	2	times
Individual	A1	A1_H07	recombines	1	times
Individual	A1	A1_H10	recombines	1	times
Individual	A1	A1_H11	recombines	1	times
Individual	A2	A2_A02	recombines	1	times
Individual	A2	A2_A03	recombines	1	times
Individual	A2	A2_A04	recombines	3	times
Individual	A2	A2_A06	recombines	1	times
Individual	A2	A2_A07	recombines	1	times
Individual	A2	A2_A10	recombines	4	times
Individual	A2	A2_B05	recombines	1	times
Individual	A2	A2_B06	recombines	2	times
Individual	A2	A2_B07	recombines	1	times
Individual	A2	A2_B09	recombines	2	times
Individual	A2	A2_B10	recombines	3	times
Individual	A2	A2_C02	recombines	1	times
Individual	A2	A2_C03	recombines	3	times
Individual	A2	A2_C04	recombines	1	times
Individual	A2	A2_C05	recombines	1	times
Individual	A2	A2_C06	recombines	1	times
Individual	A2	A2_C07	recombines	1	times
Individual	A2	A2_C08	recombines	3	times
Individual	A2	A2_C09	recombines	2	times
Individual	A2	A2_D02	recombines	2	times
Individual	A2	A2_D03	recombines	2	times
Individual	A2	A2_D04	recombines	1	times
Individual	A2	A2_D05	recombines	2	times
Individual	A2	A2_D06	recombines	1	times
Individual	A2	A2_D07	recombines	1	times
Individual	A2	A2_D08	recombines	1	times
Individual	A2	A2_E02	recombines	1	times
Individual	A2	A2_E03	recombines	2	times
Individual	A2	A2_E05	recombines	1	times
Individual	A2	A2_E06	recombines	1	times
Individual	A2	A2_E07	recombines	1	times
Individual	A2	A2_E08	recombines	1	times
Individual	A2	A2_E09	recombines	1	times
Individual	A2	A2_E10	recombines	2	times
Individual	A2	A2_F02	recombines	2	times
Individual	A2	A2_F03	recombines	1	times
Individual	A2	A2_F04	recombines	2	times
Individual	A2	A2_F07	recombines	2	times
Individual	A2	A2_F08	recombines	2	times
Individual	A2	A2_F09	recombines	2	times
Individual	A2	A2_G02	recombines	2	times
Individual	A2	A2_G04	recombines	1	times
Individual	A2	A2_G05	recombines	2	times
Individual	A2	A2_G07	recombines	2	times
Individual	A2	A2_G09	recombines	1	times
Individual	A2	A2_G10	recombines	1	times
Individual	A2	A2_H02	recombines	2	times
Individual	A2	A2_H04	recombines	1	times
Individual	A2	A2_H05	recombines	2	times
Individual	A2	A2_H08	recombines	1	times
Individual	A2	A2_H09	recombines	1	times
Individual	A2	A2_H10	recombines	1	times
Individual	B1	B1_A02	recombines	1	times
Individual	B1	B1_A07	recombines	2	times
Individual	B1	B1_A08	recombines	1	times
Individual	B1	B1_A10	recombines	1	times
Individual	B1	B1_B01	recombines	1	times
Individual	B1	B1_B03	recombines	2	times
Individual	B1	B1_B05	recombines	1	times
Individual	B1	B1_B07	recombines	1	times
Individual	B1	B1_B09	recombines	1	times
Individual	B1	B1_B10	recombines	1	times
Individual	B1	B1_B11	recombines	1	times
Individual	B1	B1_C02	recombines	1	times
Individual	B1	B1_C04	recombines	1	times
Individual	B1	B1_C05	recombines	1	times
Individual	B1	B1_C06	recombines	1	times
Individual	B1	B1_C07	recombines	1	times
Individual	B1	B1_C08	recombines	2	times
Individual	B1	B1_C09	recombines	1	times
Individual	B1	B1_C10	recombines	1	times
Individual	B1	B1_C12	recombines	1	times
Individual	B1	B1_D01	recombines	1	times
Individual	B1	B1_D02	recombines	3	times
Individual	B1	B1_D03	recombines	2	times
Individual	B1	B1_D05	recombines	2	times
Individual	B1	B1_D06	recombines	2	times
Individual	B1	B1_D07	recombines	3	times
Individual	B1	B1_D09	recombines	1	times
Individual	B1	B1_D10	recombines	2	times
Individual	B1	B1_D11	recombines	1	times
Individual	B1	B1_E01	recombines	1	times
Individual	B1	B1_E02	recombines	2	times
Individual	B1	B1_E03	recombines	1	times
Individual	B1	B1_E05	recombines	1	times
Individual	B1	B1_E07	recombines	1	times
Individual	B1	B1_E09	recombines	2	times
Individual	B1	B1_E10	recombines	2	times
Individual	B1	B1_E11	recombines	1	times
Individual	B1	B1_E12	recombines	1	times
Individual	B1	B1_F01	recombines	1	times
Individual	B1	B1_F03	recombines	3	times
Individual	B1	B1_F05	recombines	1	times
Individual	B1	B1_F06	recombines	1	times
Individual	B1	B1_F07	recombines	1	times
Individual	B1	B1_F08	recombines	2	times
Individual	B1	B1_F09	recombines	2	times
Individual	B1	B1_F10	recombines	1	times
Individual	B1	B1_F12	recombines	2	times
Individual	B1	B1_G01	recombines	2	times
Individual	B1	B1_G02	recombines	2	times
Individual	B1	B1_G06	recombines	1	times
Individual	B1	B1_G08	recombines	1	times
Individual	B1	B1_G10	recombines	2	times
Individual	B1	B1_G11	recombines	2	times
Individual	B1	B1_G12	recombines	2	times
Individual	B1	B1_H02	recombines	1	times
Individual	B1	B1_H04	recombines	2	times
Individual	B1	B1_H05	recombines	1	times
Individual	B1	B1_H07	recombines	1	times
Individual	B1	B1_H09	recombines	1	times
Individual	B1	B1_H10	recombines	1	times
Individual	B1	B1_H11	recombines	1	times
Individual	B1	B1_H12	recombines	2	times
Individual	B2	B2_A01	recombines	2	times
Individual	B2	B2_A03	recombines	1	times
Individual	B2	B2_A04	recombines	2	times
Individual	B2	B2_A05	recombines	2	times
Individual	B2	B2_A09	recombines	2	times
Individual	B2	B2_A10	recombines	2	times
Individual	B2	B2_B05	recombines	1	times
Individual	B2	B2_B07	recombines	1	times
Individual	B2	B2_B08	recombines	2	times
Individual	B2	B2_B10	recombines	1	times
Individual	B2	B2_B12	recombines	1	times
Individual	B2	B2_C01	recombines	2	times
Individual	B2	B2_C02	recombines	1	times
Individual	B2	B2_C04	recombines	1	times
Individual	B2	B2_C05	recombines	2	times
Individual	B2	B2_C06	recombines	1	times
Individual	B2	B2_C09	recombines	1	times
Individual	B2	B2_C10	recombines	1	times
Individual	B2	B2_C12	recombines	2	times
Individual	B2	B2_D01	recombines	1	times
Individual	B2	B2_D02	recombines	1	times
Individual	B2	B2_D05	recombines	1	times
Individual	B2	B2_D07	recombines	1	times
Individual	B2	B2_D08	recombines	1	times
Individual	B2	B2_D09	recombines	2	times
Individual	B2	B2_D10	recombines	1	times
Individual	B2	B2_D11	recombines	3	times
Individual	B2	B2_E01	recombines	2	times
Individual	B2	B2_E03	recombines	2	times
Individual	B2	B2_E04	recombines	1	times
Individual	B2	B2_E05	recombines	2	times
Individual	B2	B2_E06	recombines	1	times
Individual	B2	B2_E07	recombines	1	times
Individual	B2	B2_E08	recombines	2	times
Individual	B2	B2_E09	recombines	1	times
Individual	B2	B2_E10	recombines	1	times
Individual	B2	B2_E11	recombines	1	times
Individual	B2	B2_E12	recombines	1	times
Individual	B2	B2_F01	recombines	1	times
Individual	B2	B2_F02	recombines	1	times
Individual	B2	B2_F04	recombines	1	times
Individual	B2	B2_F05	recombines	2	times
Individual	B2	B2_F06	recombines	2	times
Individual	B2	B2_F08	recombines	2	times
Individual	B2	B2_F10	recombines	2	times
Individual	B2	B2_F11	recombines	1	times
Individual	B2	B2_F12	recombines	1	times
Individual	B2	B2_G01	recombines	2	times
Individual	B2	B2_G02	recombines	1	times
Individual	B2	B2_G04	recombines	1	times
Individual	B2	B2_G06	recombines	1	times
Individual	B2	B2_G09	recombines	1	times
Individual	B2	B2_G12	recombines	1	times
Individual	B2	B2_H01	recombines	1	times
Individual	B2	B2_H03	recombines	2	times
Individual	B2	B2_H04	recombines	1	times
Individual	B2	B2_H05	recombines	2	times
Individual	B2	B2_H06	recombines	2	times
Individual	B2	B2_H08	recombines	1	times
Individual	B2	B2_H11	recombines	1	times
Number of individuals = 357
Number of families = 4
Number of called markers = 2542 (2542 informative)
Number of called Z/X markers = 0
Number of individuals = 357
Number of families = 4
Number of markers = 2542
Number of individuals = 357
Number of families = 4
Number of individuals = 349 excluding grandparents
Number of families = 4
Number of markers = 1660
Individual	A1	A1_A02	recombines	1	times
Individual	A1	A1_A06	recombines	2	times
Individual	A1	A1_A08	recombines	3	times
Individual	A1	A1_A09	recombines	1	times
Individual	A1	A1_A11	recombines	2	times
Individual	A1	A1_B02	recombines	1	times
Individual	A1	A1_B03	recombines	1	times
Individual	A1	A1_B04	recombines	2	times
Individual	A1	A1_B05	recombines	2	times
Individual	A1	A1_B08	recombines	2	times
Individual	A1	A1_C01	recombines	1	times
Individual	A1	A1_C02	recombines	1	times
Individual	A1	A1_C03	recombines	1	times
Individual	A1	A1_C04	recombines	1	times
Individual	A1	A1_C10	recombines	1	times
Individual	A1	A1_D01	recombines	1	times
Individual	A1	A1_D02	recombines	2	times
Individual	A1	A1_D04	recombines	1	times
Individual	A1	A1_D06	recombines	1	times
Individual	A1	A1_D07	recombines	1	times
Individual	A1	A1_D08	recombines	3	times
Individual	A1	A1_D09	recombines	1	times
Individual	A1	A1_D11	recombines	2	times
Individual	A1	A1_E02	recombines	1	times
Individual	A1	A1_E04	recombines	2	times
Individual	A1	A1_E05	recombines	4	times
Individual	A1	A1_E06	recombines	3	times
Individual	A1	A1_E07	recombines	1	times
Individual	A1	A1_E11	recombines	2	times
Individual	A1	A1_F02	recombines	2	times
Individual	A1	A1_F04	recombines	2	times
Individual	A1	A1_F05	recombines	1	times
Individual	A1	A1_F06	recombines	2	times
Individual	A1	A1_F07	recombines	1	times
Individual	A1	A1_F11	recombines	1	times
Individual	A1	A1_G01	recombines	1	times
Individual	A1	A1_G02	recombines	1	times
Individual	A1	A1_G04	recombines	1	times
Individual	A1	A1_G07	recombines	1	times
Individual	A1	A1_G10	recombines	1	times
Individual	A1	A1_H03	recombines	3	times
Individual	A1	A1_H04	recombines	1	times
Individual	A1	A1_H06	recombines	2	times
Individual	A1	A1_H07	recombines	1	times
Individual	A1	A1_H08	recombines	1	times
Individual	A1	A1_H10	recombines	2	times
Individual	A1	A1_H11	recombines	1	times
Individual	A2	A2_A02	recombines	1	times
Individual	A2	A2_A03	recombines	2	times
Individual	A2	A2_A04	recombines	2	times
Individual	A2	A2_A07	recombines	2	times
Individual	A2	A2_A08	recombines	2	times
Individual	A2	A2_A09	recombines	1	times
Individual	A2	A2_A10	recombines	1	times
Individual	A2	A2_B02	recombines	2	times
Individual	A2	A2_B03	recombines	1	times
Individual	A2	A2_B04	recombines	2	times
Individual	A2	A2_B05	recombines	2	times
Individual	A2	A2_B06	recombines	2	times
Individual	A2	A2_B07	recombines	1	times
Individual	A2	A2_B09	recombines	1	times
Individual	A2	A2_B10	recombines	1	times
Individual	A2	A2_C03	recombines	1	times
Individual	A2	A2_C06	recombines	3	times
Individual	A2	A2_C08	recombines	1	times
Individual	A2	A2_C09	recombines	1	times
Individual	A2	A2_C10	recombines	1	times
Individual	A2	A2_D02	recombines	1	times
Individual	A2	A2_D03	recombines	2	times
Individual	A2	A2_D04	recombines	2	times
Individual	A2	A2_D05	recombines	1	times
Individual	A2	A2_D06	recombines	1	times
Individual	A2	A2_D07	recombines	3	times
Individual	A2	A2_D08	recombines	1	times
Individual	A2	A2_D09	recombines	1	times
Individual	A2	A2_D10	recombines	1	times
Individual	A2	A2_E02	recombines	2	times
Individual	A2	A2_E03	recombines	1	times
Individual	A2	A2_E05	recombines	2	times
Individual	A2	A2_E06	recombines	1	times
Individual	A2	A2_E09	recombines	1	times
Individual	A2	A2_E10	recombines	2	times
Individual	A2	A2_F02	recombines	2	times
Individual	A2	A2_F03	recombines	2	times
Individual	A2	A2_F04	recombines	2	times
Individual	A2	A2_F05	recombines	1	times
Individual	A2	A2_F07	recombines	1	times
Individual	A2	A2_F09	recombines	2	times
Individual	A2	A2_G03	recombines	1	times
Individual	A2	A2_G05	recombines	2	times
Individual	A2	A2_G06	recombines	1	times
Individual	A2	A2_G07	recombines	2	times
Individual	A2	A2_G10	recombines	2	times
Individual	A2	A2_H03	recombines	1	times
Individual	A2	A2_H04	recombines	2	times
Individual	A2	A2_H05	recombines	1	times
Individual	A2	A2_H08	recombines	1	times
Individual	A2	A2_H09	recombines	1	times
Individual	A2	A2_H10	recombines	2	times
Individual	B1	B1_A02	recombines	1	times
Individual	B1	B1_A06	recombines	1	times
Individual	B1	B1_A08	recombines	1	times
Individual	B1	B1_A10	recombines	1	times
Individual	B1	B1_B03	recombines	1	times
Individual	B1	B1_B05	recombines	1	times
Individual	B1	B1_B07	recombines	2	times
Individual	B1	B1_B10	recombines	2	times
Individual	B1	B1_C01	recombines	1	times
Individual	B1	B1_C03	recombines	1	times
Individual	B1	B1_C06	recombines	1	times
Individual	B1	B1_C07	recombines	2	times
Individual	B1	B1_C08	recombines	2	times
Individual	B1	B1_C09	recombines	4	times
Individual	B1	B1_C10	recombines	2	times
Individual	B1	B1_C11	recombines	1	times
Individual	B1	B1_C12	recombines	1	times
Individual	B1	B1_D02	recombines	2	times
Individual	B1	B1_D03	recombines	2	times
Individual	B1	B1_D04	recombines	2	times
Individual	B1	B1_D06	recombines	1	times
Individual	B1	B1_D07	recombines	2	times
Individual	B1	B1_D08	recombines	1	times
Individual	B1	B1_D09	recombines	2	times
Individual	B1	B1_D10	recombines	1	times
Individual	B1	B1_D11	recombines	1	times
Individual	B1	B1_E02	recombines	1	times
Individual	B1	B1_E03	recombines	1	times
Individual	B1	B1_E05	recombines	2	times
Individual	B1	B1_E06	recombines	1	times
Individual	B1	B1_E07	recombines	1	times
Individual	B1	B1_E08	recombines	2	times
Individual	B1	B1_E09	recombines	1	times
Individual	B1	B1_E10	recombines	1	times
Individual	B1	B1_E11	recombines	1	times
Individual	B1	B1_E12	recombines	2	times
Individual	B1	B1_F03	recombines	2	times
Individual	B1	B1_F05	recombines	2	times
Individual	B1	B1_F09	recombines	1	times
Individual	B1	B1_F10	recombines	2	times
Individual	B1	B1_F11	recombines	1	times
Individual	B1	B1_F12	recombines	2	times
Individual	B1	B1_G01	recombines	2	times
Individual	B1	B1_G02	recombines	2	times
Individual	B1	B1_G09	recombines	1	times
Individual	B1	B1_G11	recombines	1	times
Individual	B1	B1_G12	recombines	1	times
Individual	B1	B1_H02	recombines	2	times
Individual	B1	B1_H04	recombines	1	times
Individual	B1	B1_H05	recombines	1	times
Individual	B1	B1_H07	recombines	1	times
Individual	B1	B1_H08	recombines	2	times
Individual	B1	B1_H11	recombines	2	times
Individual	B1	B1_H12	recombines	2	times
Individual	B2	B2_A04	recombines	1	times
Individual	B2	B2_A05	recombines	1	times
Individual	B2	B2_A06	recombines	1	times
Individual	B2	B2_A07	recombines	1	times
Individual	B2	B2_A08	recombines	2	times
Individual	B2	B2_A09	recombines	1	times
Individual	B2	B2_A10	recombines	1	times
Individual	B2	B2_B02	recombines	2	times
Individual	B2	B2_B04	recombines	1	times
Individual	B2	B2_B05	recombines	1	times
Individual	B2	B2_B06	recombines	1	times
Individual	B2	B2_B07	recombines	1	times
Individual	B2	B2_B08	recombines	2	times
Individual	B2	B2_B10	recombines	1	times
Individual	B2	B2_C04	recombines	2	times
Individual	B2	B2_C05	recombines	1	times
Individual	B2	B2_C06	recombines	2	times
Individual	B2	B2_C07	recombines	2	times
Individual	B2	B2_C09	recombines	1	times
Individual	B2	B2_C10	recombines	1	times
Individual	B2	B2_C12	recombines	2	times
Individual	B2	B2_D02	recombines	2	times
Individual	B2	B2_D04	recombines	1	times
Individual	B2	B2_D05	recombines	1	times
Individual	B2	B2_D07	recombines	2	times
Individual	B2	B2_D08	recombines	1	times
Individual	B2	B2_D09	recombines	1	times
Individual	B2	B2_D10	recombines	2	times
Individual	B2	B2_D12	recombines	4	times
Individual	B2	B2_E01	recombines	1	times
Individual	B2	B2_E02	recombines	1	times
Individual	B2	B2_E03	recombines	2	times
Individual	B2	B2_E04	recombines	2	times
Individual	B2	B2_E05	recombines	1	times
Individual	B2	B2_E07	recombines	1	times
Individual	B2	B2_E08	recombines	1	times
Individual	B2	B2_E09	recombines	1	times
Individual	B2	B2_E10	recombines	3	times
Individual	B2	B2_E11	recombines	2	times
Individual	B2	B2_E12	recombines	1	times
Individual	B2	B2_F01	recombines	1	times
Individual	B2	B2_F02	recombines	1	times
Individual	B2	B2_F05	recombines	1	times
Individual	B2	B2_F06	recombines	2	times
Individual	B2	B2_F07	recombines	2	times
Individual	B2	B2_F08	recombines	2	times
Individual	B2	B2_F10	recombines	2	times
Individual	B2	B2_F11	recombines	1	times
Individual	B2	B2_F12	recombines	1	times
Individual	B2	B2_G01	recombines	3	times
Individual	B2	B2_G02	recombines	1	times
Individual	B2	B2_G04	recombines	2	times
Individual	B2	B2_G05	recombines	1	times
Individual	B2	B2_G06	recombines	2	times
Individual	B2	B2_G08	recombines	1	times
Individual	B2	B2_G10	recombines	2	times
Individual	B2	B2_G12	recombines	1	times
Individual	B2	B2_H01	recombines	1	times
Individual	B2	B2_H02	recombines	1	times
Individual	B2	B2_H03	recombines	3	times
Individual	B2	B2_H04	recombines	1	times
Individual	B2	B2_H06	recombines	2	times
Individual	B2	B2_H08	recombines	1	times
Individual	B2	B2_H09	recombines	1	times
Individual	B2	B2_H11	recombines	2	times
Number of individuals = 357
Number of families = 4
Number of called markers = 1389 (1389 informative)
Number of called Z/X markers = 465
Number of individuals = 357
Number of families = 4
Number of markers = 1389
Number of individuals = 357
Number of families = 4
Number of individuals = 349 excluding grandparents
Number of families = 4
Number of markers = 1067
Individual	A1	A1_A09	recombines	1	times
Individual	A1	A1_A10	recombines	1	times
Individual	A1	A1_B02	recombines	1	times
Individual	A1	A1_B04	recombines	1	times
Individual	A1	A1_B08	recombines	1	times
Individual	A1	A1_B10	recombines	1	times
Individual	A1	A1_B11	recombines	1	times
Individual	A1	A1_C03	recombines	1	times
Individual	A1	A1_C10	recombines	1	times
Individual	A1	A1_C11	recombines	1	times
Individual	A1	A1_D01	recombines	1	times
Individual	A1	A1_D02	recombines	1	times
Individual	A1	A1_D05	recombines	1	times
Individual	A1	A1_E04	recombines	1	times
Individual	A1	A1_E06	recombines	3	times
Individual	A1	A1_E08	recombines	1	times
Individual	A1	A1_F04	recombines	1	times
Individual	A1	A1_F05	recombines	1	times
Individual	A1	A1_F07	recombines	1	times
Individual	A1	A1_F10	recombines	1	times
Individual	A1	A1_G01	recombines	1	times
Individual	A1	A1_G02	recombines	1	times
Individual	A1	A1_G03	recombines	1	times
Individual	A1	A1_G04	recombines	1	times
Individual	A1	A1_G10	recombines	1	times
Individual	A1	A1_H06	recombines	1	times
Individual	A1	A1_H08	recombines	1	times
Individual	A2	A2_A04	recombines	1	times
Individual	A2	A2_A07	recombines	1	times
Individual	A2	A2_B06	recombines	2	times
Individual	A2	A2_B07	recombines	1	times
Individual	A2	A2_B09	recombines	1	times
Individual	A2	A2_C02	recombines	1	times
Individual	A2	A2_C05	recombines	1	times
Individual	A2	A2_C08	recombines	1	times
Individual	A2	A2_C09	recombines	1	times
Individual	A2	A2_C10	recombines	1	times
Individual	A2	A2_D03	recombines	1	times
Individual	A2	A2_D04	recombines	1	times
Individual	A2	A2_D05	recombines	1	times
Individual	A2	A2_D07	recombines	1	times
Individual	A2	A2_D08	recombines	1	times
Individual	A2	A2_D10	recombines	1	times
Individual	A2	A2_E03	recombines	1	times
Individual	A2	A2_E10	recombines	1	times
Individual	A2	A2_F02	recombines	1	times
Individual	A2	A2_F03	recombines	1	times
Individual	A2	A2_F04	recombines	1	times
Individual	A2	A2_F05	recombines	1	times
Individual	A2	A2_F09	recombines	1	times
Individual	A2	A2_G02	recombines	1	times
Individual	A2	A2_G03	recombines	1	times
Individual	A2	A2_G04	recombines	1	times
Individual	A2	A2_G05	recombines	1	times
Individual	A2	A2_G06	recombines	1	times
Individual	A2	A2_G07	recombines	1	times
Individual	A2	A2_G10	recombines	1	times
Individual	A2	A2_H02	recombines	1	times
Individual	A2	A2_H04	recombines	1	times
Individual	A2	A2_H09	recombines	1	times
Individual	A2	A2_H10	recombines	1	times
Individual	B1	B1_A02	recombines	1	times
Individual	B1	B1_A06	recombines	1	times
Individual	B1	B1_A09	recombines	1	times
Individual	B1	B1_B01	recombines	1	times
Individual	B1	B1_C05	recombines	1	times
Individual	B1	B1_C06	recombines	1	times
Individual	B1	B1_C07	recombines	1	times
Individual	B1	B1_C08	recombines	1	times
Individual	B1	B1_C10	recombines	1	times
Individual	B1	B1_C11	recombines	1	times
Individual	B1	B1_D03	recombines	1	times
Individual	B1	B1_D04	recombines	1	times
Individual	B1	B1_D05	recombines	1	times
Individual	B1	B1_D09	recombines	1	times
Individual	B1	B1_E05	recombines	1	times
Individual	B1	B1_E07	recombines	1	times
Individual	B1	B1_E08	recombines	1	times
Individual	B1	B1_E11	recombines	1	times
Individual	B1	B1_E12	recombines	1	times
Individual	B1	B1_F03	recombines	1	times
Individual	B1	B1_F05	recombines	2	times
Individual	B1	B1_F07	recombines	1	times
Individual	B1	B1_F09	recombines	1	times
Individual	B1	B1_G01	recombines	1	times
Individual	B1	B1_G12	recombines	1	times
Individual	B1	B1_H02	recombines	1	times
Individual	B1	B1_H05	recombines	1	times
Individual	B1	B1_H07	recombines	1	times
Individual	B1	B1_H08	recombines	1	times
Individual	B1	B1_H09	recombines	1	times
Individual	B1	B1_H10	recombines	1	times
Individual	B2	B2_A03	recombines	1	times
Individual	B2	B2_A05	recombines	1	times
Individual	B2	B2_A06	recombines	1	times
Individual	B2	B2_A07	recombines	1	times
Individual	B2	B2_A12	recombines	1	times
Individual	B2	B2_B03	recombines	1	times
Individual	B2	B2_B05	recombines	1	times
Individual	B2	B2_B08	recombines	1	times
Individual	B2	B2_B10	recombines	1	times
Individual	B2	B2_C02	recombines	1	times
Individual	B2	B2_C03	recombines	1	times
Individual	B2	B2_C06	recombines	1	times
Individual	B2	B2_C10	recombines	1	times
Individual	B2	B2_D02	recombines	2	times
Individual	B2	B2_D05	recombines	1	times
Individual	B2	B2_D08	recombines	1	times
Individual	B2	B2_D09	recombines	1	times
Individual	B2	B2_D11	recombines	1	times
Individual	B2	B2_D12	recombines	1	times
Individual	B2	B2_E01	recombines	1	times
Individual	B2	B2_E05	recombines	1	times
Individual	B2	B2_E06	recombines	1	times
Individual	B2	B2_E08	recombines	1	times
Individual	B2	B2_E10	recombines	1	times
Individual	B2	B2_E11	recombines	1	times
Individual	B2	B2_E12	recombines	1	times
Individual	B2	B2_F05	recombines	1	times
Individual	B2	B2_F07	recombines	2	times
Individual	B2	B2_G01	recombines	1	times
Individual	B2	B2_G04	recombines	1	times
Individual	B2	B2_G06	recombines	1	times
Individual	B2	B2_G10	recombines	1	times
Individual	B2	B2_G12	recombines	1	times
Individual	B2	B2_H03	recombines	1	times
Individual	B2	B2_H06	recombines	1	times
Individual	B2	B2_H08	recombines	1	times
Individual	B2	B2_H10	recombines	1	times
